19:26:15.741 [main] INFO  api.test.UserTest - ****** Creating User *********
19:26:21.774 [main] INFO  api.test.UserTest - ****** Creating Created *********
19:26:21.830 [main] INFO  api.test.UserTest - ****** Reading User *********
19:26:23.297 [main] INFO  api.test.UserTest - ****** User Info Displayed *********
19:26:23.319 [main] INFO  api.test.UserTest - ****** Updating User *********
19:26:24.832 [main] INFO  api.test.UserTest - ****** User Updated *********
19:26:26.359 [main] INFO  api.test.UserTest - ****** Updated User Updated *********
19:26:26.386 [main] INFO  api.test.UserTest - ****** Deleting user *********
19:26:28.010 [main] INFO  api.test.UserTest - ****** User Deleted *********
19:28:31.269 [main] INFO  api.test.UserTest - ****** Creating User *********
19:28:37.676 [main] INFO  api.test.UserTest - ****** Creating Created *********
19:28:37.725 [main] INFO  api.test.UserTest - ****** Reading User *********
19:28:39.143 [main] INFO  api.test.UserTest - ****** User Info Displayed *********
19:28:39.170 [main] INFO  api.test.UserTest - ****** Updating User *********
19:28:40.523 [main] INFO  api.test.UserTest - ****** User Updated *********
19:28:41.907 [main] INFO  api.test.UserTest - ****** Updated User Updated *********
19:28:41.931 [main] INFO  api.test.UserTest - ****** Deleting user *********
19:28:43.306 [main] INFO  api.test.UserTest - ****** User Deleted *********
19:29:39.309 [main] INFO  api.test.UserTest - ****** Creating User *********
19:29:39.918 [main] INFO  api.test.UserTest - ****** Creating User *********
19:29:42.432 [main] INFO  api.test.UserTest - ****** Creating User *********
19:29:52.983 [main] INFO  api.test.UserTest - ****** Creating Created *********
19:29:53.013 [main] INFO  api.test.UserTest - ****** Reading User *********
19:29:54.109 [main] INFO  api.test.UserTest - ****** Creating Created *********
19:29:54.144 [main] INFO  api.test.UserTest - ****** Reading User *********
19:29:54.573 [main] INFO  api.test.UserTest - ****** Updating User *********
19:29:55.376 [main] INFO  api.test.UserTest - ****** Creating Created *********
19:29:55.392 [main] INFO  api.test.UserTest - ****** Reading User *********
19:29:55.862 [main] INFO  api.test.UserTest - ****** Updating User *********
19:29:55.969 [main] INFO  api.test.UserTest - ****** User Updated *********
19:29:56.801 [main] INFO  api.test.UserTest - ****** Updating User *********
19:29:57.328 [main] INFO  api.test.UserTest - ****** Updated User Updated *********
19:29:57.349 [main] INFO  api.test.UserTest - ****** Deleting user *********
19:29:58.186 [main] INFO  api.test.UserTest - ****** User Updated *********
19:29:58.233 [main] INFO  api.test.UserTest - ****** User Updated *********
19:29:59.564 [main] INFO  api.test.UserTest - ****** Deleting user *********
19:29:59.590 [main] INFO  api.test.UserTest - ****** Updated User Updated *********
19:29:59.599 [main] INFO  api.test.UserTest - ****** Deleting user *********
19:30:00.960 [main] INFO  api.test.UserTest - ****** User Deleted *********
19:30:45.139 [main] INFO  api.test.UserTest - ****** Creating User *********
19:30:51.418 [main] INFO  api.test.UserTest - ****** Creating Created *********
19:30:51.454 [main] INFO  api.test.UserTest - ****** Reading User *********
19:30:52.789 [main] INFO  api.test.UserTest - ****** User Info Displayed *********
19:30:52.798 [main] INFO  api.test.UserTest - ****** Updating User *********
19:30:53.963 [main] INFO  api.test.UserTest - ****** User Updated *********
19:30:55.149 [main] INFO  api.test.UserTest - ****** Updated User Updated *********
19:30:55.167 [main] INFO  api.test.UserTest - ****** Deleting user *********
19:30:56.328 [main] INFO  api.test.UserTest - ****** User Deleted *********
19:33:02.354 [main] INFO  api.test.UserTest - ****** Creating User *********
19:33:09.134 [main] INFO  api.test.UserTest - ****** Creating Created *********
19:33:09.180 [main] INFO  api.test.UserTest - ****** Reading User *********
19:33:10.651 [main] INFO  api.test.UserTest - ****** User Info Displayed *********
19:33:10.675 [main] INFO  api.test.UserTest - ****** Updating User *********
19:33:12.415 [main] INFO  api.test.UserTest - ****** User Updated *********
19:33:13.797 [main] INFO  api.test.UserTest - ****** Updated User Updated *********
19:33:13.808 [main] INFO  api.test.UserTest - ****** Deleting user *********
19:33:15.145 [main] INFO  api.test.UserTest - ****** User Deleted *********
19:33:55.053 [main] INFO  api.test.UserTest - ****** Creating User *********
19:34:01.465 [main] INFO  api.test.UserTest - ****** Creating Created *********
19:34:01.532 [main] INFO  api.test.UserTest - ****** Reading User *********
19:34:03.034 [main] INFO  api.test.UserTest - ****** User Info Displayed *********
19:34:03.048 [main] INFO  api.test.UserTest - ****** Updating User *********
19:34:04.428 [main] INFO  api.test.UserTest - ****** User Updated *********
19:34:05.785 [main] INFO  api.test.UserTest - ****** Updated User Updated *********
19:34:05.810 [main] INFO  api.test.UserTest - ****** Deleting user *********
19:34:07.160 [main] INFO  api.test.UserTest - ****** User Deleted *********
19:35:02.785 [main] INFO  api.test.UserTest - ****** Creating User *********
19:35:09.457 [main] INFO  api.test.UserTest - ****** Creating Created *********
19:35:09.500 [main] INFO  api.test.UserTest - ****** Reading User *********
19:35:10.957 [main] INFO  api.test.UserTest - ****** User Info Displayed *********
19:35:10.986 [main] INFO  api.test.UserTest - ****** Updating User *********
19:35:12.374 [main] INFO  api.test.UserTest - ****** User Updated *********
19:35:13.764 [main] INFO  api.test.UserTest - ****** Updated User Updated *********
19:35:13.788 [main] INFO  api.test.UserTest - ****** Deleting user *********
19:35:15.183 [main] INFO  api.test.UserTest - ****** User Deleted *********
19:35:46.256 [main] INFO  api.test.UserTest - ****** Creating User *********
19:35:52.406 [main] INFO  api.test.UserTest - ****** Creating Created *********
19:35:52.451 [main] INFO  api.test.UserTest - ****** Reading User *********
19:35:53.869 [main] INFO  api.test.UserTest - ****** User Info Displayed *********
19:35:53.901 [main] INFO  api.test.UserTest - ****** Updating User *********
19:35:55.329 [main] INFO  api.test.UserTest - ****** User Updated *********
19:35:56.710 [main] INFO  api.test.UserTest - ****** Updated User Updated *********
19:35:56.732 [main] INFO  api.test.UserTest - ****** Deleting user *********
19:35:58.138 [main] INFO  api.test.UserTest - ****** User Deleted *********
19:38:02.592 [main] INFO  api.test.UserTest - ****** Creating User *********
19:38:09.660 [main] INFO  api.test.UserTest - ****** Creating Created *********
19:38:09.716 [main] INFO  api.test.UserTest - ****** Reading User *********
19:38:11.144 [main] INFO  api.test.UserTest - ****** User Info Displayed *********
19:38:11.157 [main] INFO  api.test.UserTest - ****** Updating User *********
19:38:12.881 [main] INFO  api.test.UserTest - ****** User Updated *********
19:38:14.248 [main] INFO  api.test.UserTest - ****** Updated User Updated *********
19:38:14.260 [main] INFO  api.test.UserTest - ****** Deleting user *********
19:38:15.644 [main] INFO  api.test.UserTest - ****** User Deleted *********
20:02:28.383 [main] INFO  api.test.UserTest2 - ****** Creating User *********
20:02:30.822 [main] INFO  api.test.UserTest2 - ****** Reading User *********
20:02:30.895 [main] INFO  api.test.UserTest2 - ****** Updating User *********
20:02:30.930 [main] INFO  api.test.UserTest2 - ****** Deleting user *********
20:06:06.948 [main] INFO  api.test.UserTest2 - ****** Creating User *********
20:06:12.974 [main] INFO  api.test.UserTest2 - ****** Creating Created *********
20:06:13.017 [main] INFO  api.test.UserTest2 - ****** Reading User *********
20:06:14.478 [main] INFO  api.test.UserTest2 - ****** User Info Displayed *********
20:06:14.497 [main] INFO  api.test.UserTest2 - ****** Updating User *********
20:06:15.892 [main] INFO  api.test.UserTest2 - ****** User Updated *********
20:06:17.285 [main] INFO  api.test.UserTest2 - ****** Updated User Updated *********
20:06:17.301 [main] INFO  api.test.UserTest2 - ****** Deleting user *********
20:06:18.654 [main] INFO  api.test.UserTest2 - ****** User Deleted *********
21:32:39.221 [main] INFO  api.test.UserTest2 - ****** Creating User *********
21:32:45.337 [main] INFO  api.test.UserTest2 - ****** Creating Created *********
21:32:45.369 [main] INFO  api.test.UserTest2 - ****** Reading User *********
21:32:46.810 [main] INFO  api.test.UserTest2 - ****** User Info Displayed *********
21:32:46.822 [main] INFO  api.test.UserTest2 - ****** Updating User *********
21:32:48.217 [main] INFO  api.test.UserTest2 - ****** User Updated *********
21:32:49.588 [main] INFO  api.test.UserTest2 - ****** Updated User Updated *********
21:32:49.593 [main] INFO  api.test.UserTest2 - ****** Deleting user *********
21:32:51.392 [main] INFO  api.test.UserTest2 - ****** User Deleted *********
21:38:55.952 [main] INFO  api.test.UserTest2 - ****** Creating User *********
21:39:02.386 [main] INFO  api.test.UserTest2 - ****** Creating Created *********
21:39:02.420 [main] INFO  api.test.UserTest2 - ****** Reading User *********
21:39:03.664 [main] INFO  api.test.UserTest2 - ****** User Info Displayed *********
21:39:03.676 [main] INFO  api.test.UserTest2 - ****** Updating User *********
21:39:04.856 [main] INFO  api.test.UserTest2 - ****** User Updated *********
21:39:06.062 [main] INFO  api.test.UserTest2 - ****** Updated User Updated *********
21:39:06.074 [main] INFO  api.test.UserTest2 - ****** Deleting user *********
21:39:07.833 [main] INFO  api.test.UserTest2 - ****** User Deleted *********
